APK_WEBVIEW_AESA_FULL/app/build/intermediates/manifest_merge_blame_file/debug/manifest-merger-blame-debug-report.txt
1<?xml version="1.0" encoding="utf-8"?>
2<manifest xmlns:android="http://schemas.android.com/apk/res/android"
3    package="com.aesa.seguridadtecnologia"
4    android:versionCode="1"
5    android:versionName="1.0" >
6
7    <uses-sdk
8        android:minSdkVersion="21"
9        android:targetSdkVersion="34" />
10
11    <uses-permission android:name="android.permission.INTERNET" />
11-->src\main\AndroidManifest.xml:21:5-67
11-->src\main\AndroidManifest.xml:21:22-64
12
13    <permission
13-->[androidx.core:core:1.9.0] AndroidManifest.xml:22:5-24:47
14        android:name="com.aesa.seguridadtecnologia.DYNAMIC_RECEIVER_NOT_EXPORTED_PERMISSION"
14-->[androidx.core:core:1.9.0] AndroidManifest.xml:23:9-81
15        android:protectionLevel="signature" />
15-->[androidx.core:core:1.9.0] AndroidManifest.xml:24:9-44
16
17    <uses-permission android:name="com.aesa.seguridadtecnologia.DYNAMIC_RECEIVER_NOT_EXPORTED_PERMISSION" />
17-->[androidx.core:core:1.9.0] AndroidManifest.xml:26:5-97
17-->[androidx.core:core:1.9.0] AndroidManifest.xml:26:22-94
18
19    <application
19-->src\main\AndroidManifest.xml:5:5-19:19
20        android:allowBackup="true"
20-->src\main\AndroidManifest.xml:6:9-35
21        android:appComponentFactory="androidx.core.app.CoreComponentFactory"
21-->[androidx.core:core:1.9.0] AndroidManifest.xml:28:18-86
22        android:debuggable="true"
23        android:extractNativeLibs="true"
24        android:icon="@mipmap/ic_launcher"
24-->src\main\AndroidManifest.xml:7:9-43
25        android:label="AESA - SEGURIDAD &amp; TECNOLOGIA"
25-->src\main\AndroidManifest.xml:8:9-58
26        android:roundIcon="@mipmap/ic_launcher"
26-->src\main\AndroidManifest.xml:9:9-48
27        android:supportsRtl="true"
27-->src\main\AndroidManifest.xml:10:9-35
28        android:theme="@style/Theme.AppCompat.Light.NoActionBar" >
28-->src\main\AndroidManifest.xml:11:9-65
29        <activity
29-->src\main\AndroidManifest.xml:12:9-18:20
30            android:name="com.aesa.seguridadtecnologia.MainActivity"
30-->src\main\AndroidManifest.xml:12:19-47
31            android:exported="true" >
31-->src\main\AndroidManifest.xml:13:13-36
32            <intent-filter>
32-->src\main\AndroidManifest.xml:14:13-17:29
33                <action android:name="android.intent.action.MAIN" />
33-->src\main\AndroidManifest.xml:15:17-69
33-->src\main\AndroidManifest.xml:15:25-66
34
35                <category android:name="android.intent.category.LAUNCHER" />
35-->src\main\AndroidManifest.xml:16:17-77
35-->src\main\AndroidManifest.xml:16:27-74
36            </intent-filter>
37        </activity>
38
39        <provider
39-->[androidx.emoji2:emoji2:1.2.0] AndroidManifest.xml:24:9-32:20
40            android:name="androidx.startup.InitializationProvider"
40-->[androidx.emoji2:emoji2:1.2.0] AndroidManifest.xml:25:13-67
41            android:authorities="com.aesa.seguridadtecnologia.androidx-startup"
41-->[androidx.emoji2:emoji2:1.2.0] AndroidManifest.xml:26:13-68
42            android:exported="false" >
42-->[androidx.emoji2:emoji2:1.2.0] AndroidManifest.xml:27:13-37
43            <meta-data
43-->[androidx.emoji2:emoji2:1.2.0] AndroidManifest.xml:29:13-31:52
44                android:name="androidx.emoji2.text.EmojiCompatInitializer"
44-->[androidx.emoji2:emoji2:1.2.0] AndroidManifest.xml:30:17-75
45                android:value="androidx.startup" />
45-->[androidx.emoji2:emoji2:1.2.0] AndroidManifest.xml:31:17-49
46            <meta-data
46-->[androidx.lifecycle:lifecycle-process:2.4.1] AndroidManifest.xml:31:13-33:52
47                android:name="androidx.lifecycle.ProcessLifecycleInitializer"
47-->[androidx.lifecycle:lifecycle-process:2.4.1] AndroidManifest.xml:32:17-78
48                android:value="androidx.startup" />
48-->[androidx.lifecycle:lifecycle-process:2.4.1] AndroidManifest.xml:33:17-49
49        </provider>
50    </application>
51
52</manifest>